<?xml version="1.0" encoding="UTF-8"?>
<!-- Generated by org.testng.reporters.JUnitXMLReporter -->
<testsuite ignored="0" hostname="DESKTOP-55JFLTS" failures="1" tests="3" name="LoginTest" time="24.632" errors="0" timestamp="2022-05-07T13:52:40 IST">
  <testcase classname="com.internetbank.testcases.TC_001_login" name="logIn" time="3.947"/>
  <testcase classname="com.internetbank.testcases.TC_001_login" name="getTitle" time="0.011">
    <failure type="java.lang.AssertionError" message="expected [Guru99 Bank Manager HomePage] but found [ Guru99 Bank Manager HomePage ]">
      <![CDATA[java.lang.AssertionError: expected [Guru99 Bank Manager HomePage] but found [ Guru99 Bank Manager HomePage ]
at com.internetbank.testcases.TC_001_login.getTitle(TC_001_login.java:37)
at java.base/java.util.ArrayList.forEach(ArrayList.java:1511)
... Removed 31 stack frames]]>
    </failure>
  </testcase> <!-- getTitle -->
  <testcase classname="com.internetbank.testcases.TC_001_login" name="logOut" time="1.556"/>
</testsuite> <!-- LoginTest -->
